<?xml version="1.0" encoding="UTF-8"?>
<!-- Generated by org.testng.reporters.JUnitXMLReporter -->
<testsuite hostname="FA006738" ignored="0" name="Test" tests="1" failures="0" timestamp="11 Apr 2020 13:38:46 GMT" time="117.368" errors="0">
  <testcase name="@AfterMethod tearDownMethod" time="0.127" classname="com.pymidol.pages.BaseClass">
    <failure type="org.openqa.selenium.UnhandledAlertException" message="Modal dialog present with text: An error was thrown and caught.
Error: &amp;apos;XPathResult&amp;apos; is undefined
Line: 1
URL: https://www.pymidol.com/pymidol_war/ymc_common/2.1.4a/js/dhtmlx/dhtmlxGrid/codebase/dhtmlxcommon_ymc.js
: An error was thrown and caught.
Error: &amp;apos;XPathResult&amp;apos; is undefined
Line: 1
URL: https://www.pymidol.com/pymidol_war/ymc_common/2.1.4a/js/dhtmlx/dhtmlxGrid/codebase/dhtmlxcommon_ymc.js

Build info: version: &amp;apos;3.141.0&amp;apos;, revision: &amp;apos;2ecb7d9a&amp;apos;, time: &amp;apos;2018-10-31T20:09:30&amp;apos;
System info: host: &amp;apos;FA006738&amp;apos;, ip: &amp;apos;10.167.62.51&amp;apos;, os.name: &amp;apos;Windows 10&amp;apos;, os.arch: &amp;apos;amd64&amp;apos;, os.version: &amp;apos;10.0&amp;apos;, java.version: &amp;apos;1.8.0_65&amp;apos;
Driver info: org.openqa.selenium.ie.InternetExplorerDriver
Capabilities {acceptInsecureCerts: false, browserName: internet explorer, browserVersion: 11, javascriptEnabled: true, pageLoadStrategy: normal, platform: WINDOWS, platformName: WINDOWS, proxy: Proxy(), se:ieOptions: {browserAttachTimeout: 0, elementScrollBehavior: 0, enablePersistentHover: true, ie.browserCommandLineSwitches: , ie.ensureCleanSession: false, ie.fileUploadDialogTimeout: 3000, ie.forceCreateProcessApi: false, ignoreProtectedModeSettings: false, ignoreZoomSetting: false, initialBrowserUrl: http://localhost:21104/, nativeEvents: true, requireWindowFocus: false}, setWindowRect: true, timeouts: {implicit: 0, pageLoad: 300000, script: 30000}}
Session ID: a478fd38-4dc6-4f2b-9fb7-4bddfb948dd6">
      <![CDATA[org.openqa.selenium.UnhandledAlertException: Modal dialog present with text: An error was thrown and caught.
Error: 'XPathResult' is undefined
Line: 1
URL: https://www.pymidol.com/pymidol_war/ymc_common/2.1.4a/js/dhtmlx/dhtmlxGrid/codebase/dhtmlxcommon_ymc.js
: An error was thrown and caught.
Error: 'XPathResult' is undefined
Line: 1
URL: https://www.pymidol.com/pymidol_war/ymc_common/2.1.4a/js/dhtmlx/dhtmlxGrid/codebase/dhtmlxcommon_ymc.js

Build info: version: '3.141.0', revision: '2ecb7d9a', time: '2018-10-31T20:09:30'
System info: host: 'FA006738', ip: '10.167.62.51', os.name: 'Windows 10', os.arch: 'amd64', os.version: '10.0', java.version: '1.8.0_65'
Driver info: org.openqa.selenium.ie.InternetExplorerDriver
Capabilities {acceptInsecureCerts: false, browserName: internet explorer, browserVersion: 11, javascriptEnabled: true, pageLoadStrategy: normal, platform: WINDOWS, platformName: WINDOWS, proxy: Proxy(), se:ieOptions: {browserAttachTimeout: 0, elementScrollBehavior: 0, enablePersistentHover: true, ie.browserCommandLineSwitches: , ie.ensureCleanSession: false, ie.fileUploadDialogTimeout: 3000, ie.forceCreateProcessApi: false, ignoreProtectedModeSettings: false, ignoreZoomSetting: false, initialBrowserUrl: http://localhost:21104/, nativeEvents: true, requireWindowFocus: false}, setWindowRect: true, timeouts: {implicit: 0, pageLoad: 300000, script: 30000}}
Session ID: a478fd38-4dc6-4f2b-9fb7-4bddfb948dd6
at org.openqa.selenium.remote.http.W3CHttpResponseCodec.decode(W3CHttpResponseCodec.java:120)
at org.openqa.selenium.remote.http.W3CHttpResponseCodec.decode(W3CHttpResponseCodec.java:49)
at org.openqa.selenium.remote.HttpCommandExecutor.execute(HttpCommandExecutor.java:158)
at org.openqa.selenium.remote.service.DriverCommandExecutor.execute(DriverCommandExecutor.java:83)
at org.openqa.selenium.remote.RemoteWebDriver.execute(RemoteWebDriver.java:552)
at org.openqa.selenium.remote.RemoteWebDriver.execute(RemoteWebDriver.java:609)
at org.openqa.selenium.remote.RemoteWebDriver.getScreenshotAs(RemoteWebDriver.java:295)
at com.pymidol.utility.Helper.captureScreenshot(Helper.java:20)
at com.pymidol.pages.BaseClass.tearDownMethod(BaseClass.java:86)
... Removed 32 stack frames]]>
    </failure>
  </testcase> <!-- @AfterMethod tearDownMethod -->
  <testcase name="@AfterClass tearDown" time="0.0" classname="com.pymidol.pages.BaseClass">
    <skipped/>
  </testcase> <!-- @AfterClass tearDown -->
  <testcase name="loginApp" time="105.404" classname="com.pymidol.testcases.LoginTestPymidol"/>
</testsuite> <!-- Test -->
